\BOOKMARK [1][-]{section.1}{\376\377\000I\000n\000t\000r\000o\000d\000u\000c\000t\000i\000o\000n}{}% 1
\BOOKMARK [2][-]{subsection.1.1}{\376\377\000T\000h\000e\000\040\000S\000O\000C\000\040\000M\000o\000d\000e\000l\000i\000n\000g\000\040\000C\000h\000a\000l\000l\000e\000n\000g\000e}{section.1}% 2
\BOOKMARK [2][-]{subsection.1.2}{\376\377\000F\000r\000o\000m\000\040\000F\000i\000r\000s\000t\000-\000O\000r\000d\000e\000r\000\040\000t\000o\000\040\000H\000i\000g\000h\000e\000r\000-\000O\000r\000d\000e\000r\000\040\000K\000i\000n\000e\000t\000i\000c\000s}{section.1}% 3
\BOOKMARK [2][-]{subsection.1.3}{\376\377\000S\000c\000o\000p\000e\000\040\000a\000n\000d\000\040\000O\000b\000j\000e\000c\000t\000i\000v\000e\000s}{section.1}% 4
\BOOKMARK [1][-]{section.2}{\376\377\000T\000h\000e\000o\000r\000e\000t\000i\000c\000a\000l\000\040\000B\000a\000c\000k\000g\000r\000o\000u\000n\000d\000:\000\040\000K\000i\000n\000e\000t\000i\000c\000\040\000M\000o\000d\000e\000l\000s\000\040\000i\000n\000\040\000S\000o\000i\000l\000\040\000C\000a\000r\000b\000o\000n\000\040\000C\000y\000c\000l\000i\000n\000g}{}% 5
\BOOKMARK [2][-]{subsection.2.1}{\376\377\000C\000l\000a\000s\000s\000i\000c\000a\000l\000\040\000F\000i\000r\000s\000t\000-\000O\000r\000d\000e\000r\000\040\000K\000i\000n\000e\000t\000i\000c\000s}{section.2}% 6
\BOOKMARK [2][-]{subsection.2.2}{\376\377\000H\000i\000g\000h\000e\000r\000-\000O\000r\000d\000e\000r\000\040\000K\000i\000n\000e\000t\000i\000c\000\040\000M\000o\000d\000e\000l\000s}{section.2}% 7
\BOOKMARK [2][-]{subsection.2.3}{\376\377\000S\000p\000a\000t\000i\000a\000l\000\040\000a\000n\000d\000\040\000T\000e\000m\000p\000o\000r\000a\000l\000\040\000H\000e\000t\000e\000r\000o\000g\000e\000n\000e\000i\000t\000y}{section.2}% 8
\BOOKMARK [1][-]{section.3}{\376\377\000S\000u\000b\000s\000t\000r\000a\000t\000e\000-\000D\000r\000i\000v\000e\000n\000\040\000V\000a\000r\000i\000a\000b\000l\000e\000\040\000K\000i\000n\000e\000t\000i\000c\000s}{}% 9
\BOOKMARK [2][-]{subsection.3.1}{\376\377\000P\000r\000i\000m\000i\000n\000g\000\040\000E\000f\000f\000e\000c\000t\000s\000\040\000a\000n\000d\000\040\000S\000O\000C\000\040\000Q\000u\000a\000l\000i\000t\000y}{section.3}% 10
\BOOKMARK [2][-]{subsection.3.2}{\376\377\000S\000u\000b\000s\000t\000r\000a\000t\000e\000\040\000H\000e\000t\000e\000r\000o\000g\000e\000n\000e\000i\000t\000y\000\040\000A\000c\000r\000o\000s\000s\000\040\000L\000a\000n\000d\000s\000c\000a\000p\000e\000s}{section.3}% 11
\BOOKMARK [1][-]{section.4}{\376\377\000M\000i\000c\000r\000o\000b\000i\000a\000l\000-\000D\000r\000i\000v\000e\000n\000\040\000V\000a\000r\000i\000a\000b\000l\000e\000\040\000K\000i\000n\000e\000t\000i\000c\000s\000:\000\040\000T\000h\000e\000\040\000C\000o\000m\000p\000l\000e\000x\000i\000t\000y\000\040\000F\000r\000a\000m\000e\000w\000o\000r\000k}{}% 12
\BOOKMARK [2][-]{subsection.4.1}{\376\377\000C\000o\000m\000p\000l\000e\000x\000i\000t\000y\000-\000D\000r\000i\000v\000e\000n\000\040\000D\000y\000n\000a\000m\000i\000c\000s}{section.4}% 13
\BOOKMARK [3][-]{subsubsection.4.1.1}{\376\377\000V\000e\000r\000t\000i\000c\000a\000l\000\040\000C\000o\000m\000p\000l\000e\000x\000i\000t\000y\000:\000\040\000T\000r\000o\000p\000h\000i\000c\000\040\000C\000h\000a\000i\000n\000\040\000E\000f\000f\000e\000c\000t\000s}{subsection.4.1}% 14
\BOOKMARK [3][-]{subsubsection.4.1.2}{\376\377\000H\000o\000r\000i\000z\000o\000n\000t\000a\000l\000\040\000C\000o\000m\000p\000l\000e\000x\000i\000t\000y\000:\000\040\000S\000y\000n\000e\000r\000g\000i\000s\000t\000i\000c\000\040\000A\000s\000s\000o\000c\000i\000a\000t\000i\000o\000n\000s}{subsection.4.1}% 15
\BOOKMARK [3][-]{subsubsection.4.1.3}{\376\377\000T\000e\000m\000p\000o\000r\000a\000l\000\040\000D\000y\000n\000a\000m\000i\000c\000s\000:\000\040\000E\000c\000o\000l\000o\000g\000i\000c\000a\000l\000\040\000S\000u\000c\000c\000e\000s\000s\000i\000o\000n\000s}{subsection.4.1}% 16
\BOOKMARK [3][-]{subsubsection.4.1.4}{\376\377\000S\000p\000a\000t\000i\000a\000l\000\040\000S\000p\000e\000c\000i\000f\000i\000c\000i\000t\000y\000:\000\040\000L\000o\000c\000a\000l\000\040\000A\000d\000a\000p\000t\000a\000t\000i\000o\000n}{subsection.4.1}% 17
\BOOKMARK [3][-]{subsubsection.4.1.5}{\376\377\000I\000n\000t\000r\000i\000n\000s\000i\000c\000\040\000M\000i\000c\000r\000o\000b\000i\000a\000l\000\040\000B\000i\000o\000l\000o\000g\000i\000c\000a\000l\000\040\000P\000a\000r\000a\000m\000e\000t\000e\000r\000s}{subsection.4.1}% 18
\BOOKMARK [2][-]{subsection.4.2}{\376\377\000E\000n\000v\000i\000r\000o\000n\000m\000e\000n\000t\000a\000l\000\040\000D\000r\000i\000v\000e\000r\000s}{section.4}% 19
\BOOKMARK [3][-]{subsubsection.4.2.1}{\376\377\000E\000d\000a\000p\000h\000i\000c\000\040\000C\000o\000n\000t\000r\000o\000l\000s}{subsection.4.2}% 20
\BOOKMARK [3][-]{subsubsection.4.2.2}{\376\377\000A\000b\000o\000v\000e\000-\000B\000e\000l\000o\000w\000g\000r\000o\000u\000n\000d\000\040\000L\000i\000n\000k\000a\000g\000e\000s}{subsection.4.2}% 21
\BOOKMARK [1][-]{section.5}{\376\377\000T\000h\000e\000\040\000a\000b\000i\000o\000t\000i\000c\000\040\000g\000a\000t\000e\000\040\000h\000y\000p\000o\000t\000h\000e\000s\000i\000s\000\040\000a\000n\000d\000\040\000i\000t\000s\000\040\000p\000o\000s\000s\000i\000b\000l\000e\000\040\000l\000i\000n\000k\000a\000g\000e\000s}{}% 22
\BOOKMARK [1][-]{section.6}{\376\377\000S\000y\000n\000t\000h\000e\000s\000i\000s\000\040\000a\000n\000d\000\040\000I\000n\000t\000e\000g\000r\000a\000t\000i\000o\000n}{}% 23
\BOOKMARK [2][-]{subsection.6.1}{\376\377\000U\000n\000i\000f\000i\000e\000d\000\040\000F\000r\000a\000m\000e\000w\000o\000r\000k\000\040\000f\000o\000r\000\040\000V\000a\000r\000i\000a\000b\000l\000e\000\040\000K\000i\000n\000e\000t\000i\000c\000s}{section.6}% 24
\BOOKMARK [2][-]{subsection.6.2}{\376\377\000I\000m\000p\000l\000i\000c\000a\000t\000i\000o\000n\000s\000\040\000f\000o\000r\000\040\000M\000o\000d\000e\000l\000\040\000D\000e\000v\000e\000l\000o\000p\000m\000e\000n\000t}{section.6}% 25
\BOOKMARK [3][-]{subsubsection.6.2.1}{\376\377\000\040\000H\000y\000p\000\040\0001\000\040\000m\000o\000d\000e\000l\000\040\000i\000m\000p\000l\000i\000c\000a\000t\000i\000o\000n\000s}{subsection.6.2}% 26
\BOOKMARK [3][-]{subsubsection.6.2.2}{\376\377\000\040\000H\000y\000p\000\040\000.\000.\000.\000\040\000m\000o\000d\000e\000l\000\040\000i\000m\000p\000l\000i\000c\000a\000t\000i\000o\000n\000s}{subsection.6.2}% 27
\BOOKMARK [2][-]{subsection.6.3}{\376\377\000K\000n\000o\000w\000l\000e\000d\000g\000e\000\040\000g\000a\000p\000:\000\040\000b\000r\000i\000d\000g\000i\000n\000g\000\040\000s\000c\000a\000l\000e\000s\000\040\000i\000n\000\040\000m\000o\000d\000e\000l\000i\000n\000g}{section.6}% 28
\BOOKMARK [1][-]{section.7}{\376\377\000C\000u\000r\000r\000e\000n\000t\000\040\000R\000e\000s\000e\000a\000r\000c\000h\000\040\000F\000r\000o\000n\000t\000i\000e\000r\000s\000\040\000a\000n\000d\000\040\000F\000u\000t\000u\000r\000e\000\040\000D\000i\000r\000e\000c\000t\000i\000o\000n\000s}{}% 29
\BOOKMARK [2][-]{subsection.7.1}{\376\377\000M\000e\000t\000h\000o\000d\000o\000l\000o\000g\000i\000c\000a\000l\000\040\000A\000d\000v\000a\000n\000c\000e\000s}{section.7}% 30
\BOOKMARK [2][-]{subsection.7.2}{\376\377\000E\000m\000e\000r\000g\000i\000n\000g\000\040\000C\000o\000n\000c\000e\000p\000t\000s}{section.7}% 31
\BOOKMARK [2][-]{subsection.7.3}{\376\377\000R\000e\000s\000e\000a\000r\000c\000h\000\040\000P\000r\000i\000o\000r\000i\000t\000i\000e\000s}{section.7}% 32
\BOOKMARK [1][-]{section.8}{\376\377\000C\000o\000n\000c\000l\000u\000s\000i\000o\000n\000s}{}% 33
\BOOKMARK [2][-]{subsection.8.1}{\376\377\000K\000e\000y\000\040\000I\000n\000s\000i\000g\000h\000t\000s}{section.8}% 34
\BOOKMARK [2][-]{subsection.8.2}{\376\377\000T\000o\000w\000a\000r\000d\000\040\000N\000e\000x\000t\000-\000G\000e\000n\000e\000r\000a\000t\000i\000o\000n\000\040\000S\000O\000C\000\040\000M\000o\000d\000e\000l\000s}{section.8}% 35
\BOOKMARK [1][-]{section.9}{\376\377\000R\000e\000f\000e\000r\000e\000n\000c\000e\000s}{}% 36
